<?xml version="1.0" encoding="UTF-8"?>
<!-- Generated by org.testng.reporters.JUnitReportReporter -->
<testsuite skipped="0" hostname="QAAUTOSRV10" name="com.cspire.web.pom_TCs.Payment_flow_001" tests="1" failures="0" timestamp="13 Mar 2019 10:11:12 GMT" time="8.968" errors="0">
  <testcase name="test1" time="8.968" classname="com.cspire.web.pom_TCs.Payment_flow_001"/>
</testsuite> <!-- com.cspire.web.pom_TCs.Payment_flow_001 -->
